<?xml version="1.0" encoding="UTF-8"?>
<testng-results ignored="0" total="1" passed="1" failed="0" skipped="0">
  <reporter-output>
  </reporter-output>
  <suite started-at="2022-06-06T04:47:10Z" name="Default suite" finished-at="2022-06-06T04:47:11Z" duration-ms="1122">
    <groups>
    </groups>
    <test started-at="2022-06-06T04:47:10Z" name="Default test" finished-at="2022-06-06T04:47:11Z" duration-ms="1122">
      <class name="com.testng.Testng_Runner">
        <test-method signature="browser()[pri:0, instance:com.testng.Testng_Runner@4416d64f]" started-at="2022-06-06T10:17:10Z" name="browser" finished-at="2022-06-06T10:17:11Z" duration-ms="1110" status="PASS">
          <reporter-output>
          </reporter-output>
        </test-method> <!-- browser -->
      </class> <!-- com.testng.Testng_Runner -->
    </test> <!-- Default test -->
  </suite> <!-- Default suite -->
</testng-results>
